<?xml version="1.0" encoding="UTF-8"?>
<testng-results skipped="0" failed="0" total="1" passed="1">
  <reporter-output>
  </reporter-output>
  <suite name="Suite" duration-ms="29577" started-at="2020-04-24T13:11:53Z" finished-at="2020-04-24T13:12:22Z">
    <groups>
    </groups>
    <test name="Test" duration-ms="29577" started-at="2020-04-24T13:11:53Z" finished-at="2020-04-24T13:12:22Z">
      <class name="TestPackages.Flipcart">
        <test-method status="PASS" signature="flipkartNew()[pri:0, instance:TestPackages.Flipcart@d2cc05a]" name="flipkartNew" duration-ms="29541" started-at="2020-04-24T18:41:53Z" finished-at="2020-04-24T18:42:22Z">
          <reporter-output>
          </reporter-output>
        </test-method> <!-- flipkartNew -->
      </class> <!-- TestPackages.Flipcart -->
    </test> <!-- Test -->
  </suite> <!-- Suite -->
</testng-results>
